Started GET "/" for ::1 at 2020-01-16 13:36:33 +0100
  
ActiveRecord::NoDatabaseError (FATAL:  database "elo_development" does not exist
):
  
activerecord (5.2.3) lib/active_record/connection_adapters/postgresql_adapter.rb:696:in `rescue in connect'
activerecord (5.2.3) lib/active_record/connection_adapters/postgresql_adapter.rb:691:in `connect'
activerecord (5.2.3) lib/active_record/connection_adapters/postgresql_adapter.rb:223:in `initialize'
activerecord (5.2.3) lib/active_record/connection_adapters/postgresql_adapter.rb:48:in `new'
activerecord (5.2.3) lib/active_record/connection_adapters/postgresql_adapter.rb:48:in `postgresql_connection'
activerecord (5.2.3) lib/active_record/connection_adapters/abstract/connection_pool.rb:811:in `new_connection'
activerecord (5.2.3) lib/active_record/connection_adapters/abstract/connection_pool.rb:855:in `checkout_new_connection'
activerecord (5.2.3) lib/active_record/connection_adapters/abstract/connection_pool.rb:834:in `try_to_checkout_new_connection'
activerecord (5.2.3) lib/active_record/connection_adapters/abstract/connection_pool.rb:795:in `acquire_connection'
activerecord (5.2.3) lib/active_record/connection_adapters/abstract/connection_pool.rb:523:in `checkout'
activerecord (5.2.3) lib/active_record/connection_adapters/abstract/connection_pool.rb:382:in `connection'
activerecord (5.2.3) lib/active_record/connection_adapters/abstract/connection_pool.rb:1014:in `retrieve_connection'
activerecord (5.2.3) lib/active_record/connection_handling.rb:118:in `retrieve_connection'
activerecord (5.2.3) lib/active_record/connection_handling.rb:90:in `connection'
activerecord (5.2.3) lib/active_record/migration.rb:554:in `call'
actionpack (5.2.3) lib/action_dispatch/middleware/callbacks.rb:28:in `block in call'
activesupport (5.2.3) lib/active_support/callbacks.rb:98:in `run_callbacks'
actionpack (5.2.3) lib/action_dispatch/middleware/callbacks.rb:26:in `call'
actionpack (5.2.3) lib/action_dispatch/middleware/executor.rb:14:in `call'
actionpack (5.2.3) lib/action_dispatch/middleware/debug_exceptions.rb:61:in `call'
web-console (3.7.0) lib/web_console/middleware.rb:135:in `call_app'
web-console (3.7.0) lib/web_console/middleware.rb:30:in `block in call'
web-console (3.7.0) lib/web_console/middleware.rb:20:in `catch'
web-console (3.7.0) lib/web_console/middleware.rb:20:in `call'
actionpack (5.2.3) lib/action_dispatch/middleware/show_exceptions.rb:33:in `call'
railties (5.2.3) lib/rails/rack/logger.rb:38:in `call_app'
railties (5.2.3) lib/rails/rack/logger.rb:26:in `block in call'
activesupport (5.2.3) lib/active_support/tagged_logging.rb:71:in `block in tagged'
activesupport (5.2.3) lib/active_support/tagged_logging.rb:28:in `tagged'
activesupport (5.2.3) lib/active_support/tagged_logging.rb:71:in `tagged'
railties (5.2.3) lib/rails/rack/logger.rb:26:in `call'
sprockets-rails (3.2.1) lib/sprockets/rails/quiet_assets.rb:13:in `call'
actionpack (5.2.3) lib/action_dispatch/middleware/remote_ip.rb:81:in `call'
actionpack (5.2.3) lib/action_dispatch/middleware/request_id.rb:27:in `call'
rack (2.0.7) lib/rack/method_override.rb:22:in `call'
rack (2.0.7) lib/rack/runtime.rb:22:in `call'
activesupport (5.2.3) lib/active_support/cache/strategy/local_cache_middleware.rb:29:in `call'
actionpack (5.2.3) lib/action_dispatch/middleware/executor.rb:14:in `call'
actionpack (5.2.3) lib/action_dispatch/middleware/static.rb:127:in `call'
rack (2.0.7) lib/rack/sendfile.rb:111:in `call'
railties (5.2.3) lib/rails/engine.rb:524:in `call'
puma (3.12.1) lib/puma/configuration.rb:227:in `call'
puma (3.12.1) lib/puma/server.rb:660:in `handle_request'
puma (3.12.1) lib/puma/server.rb:474:in `process_client'
puma (3.12.1) lib/puma/server.rb:334:in `block in run'
puma (3.12.1) lib/puma/thread_pool.rb:135:in `block in spawn_thread'
  [1m[35m (309.7ms)[0m  [1m[35mCREATE DATABASE "elo_development" ENCODING = 'unicode'[0m
  ↳ bin/rails:4
  [1m[35m (132.1ms)[0m  [1m[35mCREATE DATABASE "elo_test" ENCODING = 'unicode'[0m
  ↳ bin/rails:4
Started GET "/" for ::1 at 2020-01-16 13:37:09 +0100
Processing by Rails::WelcomeController#index as HTML
  Rendering /Users/matthieuharbonnier/.rbenv/versions/2.5.1/lib/ruby/gems/2.5.0/gems/railties-5.2.3/lib/rails/templates/rails/welcome/index.html.erb
  Rendered /Users/matthieuharbonnier/.rbenv/versions/2.5.1/lib/ruby/gems/2.5.0/gems/railties-5.2.3/lib/rails/templates/rails/welcome/index.html.erb (2.2ms)
Completed 200 OK in 15ms (Views: 4.9ms | ActiveRecord: 0.0ms)


  [1m[35m (41.1ms)[0m  [1m[35mCREATE TABLE "schema_migrations" ("version" character varying NOT NULL PRIMARY KEY)[0m
  ↳ /Users/matthieuharbonnier/.rbenv/versions/2.5.1/bin/rake:23
  [1m[35m (43.7ms)[0m  [1m[35mCREATE TABLE "ar_internal_metadata" ("key" character varying NOT NULL PRIMARY KEY, "value" character varying, "created_at" timestamp NOT NULL, "updated_at" timestamp NOT NULL)[0m
  ↳ /Users/matthieuharbonnier/.rbenv/versions/2.5.1/bin/rake:23
  [1m[35m (1.9ms)[0m  [1m[34mSELECT pg_try_advisory_lock(7045273633535244975)[0m
  ↳ /Users/matthieuharbonnier/.rbenv/versions/2.5.1/bin/rake:23
  [1m[35m (1.5ms)[0m  [1m[34mSELECT "schema_migrations"."version" FROM "schema_migrations" ORDER BY "schema_migrations"."version" ASC[0m
  ↳ /Users/matthieuharbonnier/.rbenv/versions/2.5.1/bin/rake:23
Migrating to CreateTeams (20200116124137)
  [1m[35m (0.2ms)[0m  [1m[35mBEGIN[0m
  ↳ /Users/matthieuharbonnier/.rbenv/versions/2.5.1/bin/rake:23
  [1m[35m (51.4ms)[0m  [1m[35mCREATE TABLE "teams" ("id" bigserial primary key, "name" character varying, "acronym" character varying, "city" character varying, "light_color" character varying, "created_at" timestamp NOT NULL, "updated_at" timestamp NOT NULL)[0m
  ↳ db/migrate/20200116124137_create_teams.rb:3
  [1m[36mActiveRecord::SchemaMigration Create (6.3ms)[0m  [1m[32mINSERT INTO "schema_migrations" ("version") VALUES ($1) RETURNING "version"[0m  [["version", "20200116124137"]]
  ↳ /Users/matthieuharbonnier/.rbenv/versions/2.5.1/bin/rake:23
  [1m[35m (0.6ms)[0m  [1m[35mCOMMIT[0m
  ↳ /Users/matthieuharbonnier/.rbenv/versions/2.5.1/bin/rake:23
  [1m[36mActiveRecord::InternalMetadata Load (0.8ms)[0m  [1m[34mSELECT  "ar_internal_metadata".* FROM "ar_internal_metadata" WHERE "ar_internal_metadata"."key" = $1 LIMIT $2[0m  [["key", "environment"], ["LIMIT", 1]]
  ↳ /Users/matthieuharbonnier/.rbenv/versions/2.5.1/bin/rake:23
  [1m[35m (0.1ms)[0m  [1m[35mBEGIN[0m
  ↳ /Users/matthieuharbonnier/.rbenv/versions/2.5.1/bin/rake:23
  [1m[36mActiveRecord::InternalMetadata Create (6.8ms)[0m  [1m[32mINSERT INTO "ar_internal_metadata" ("key", "value", "created_at", "updated_at") VALUES ($1, $2, $3, $4) RETURNING "key"[0m  [["key", "environment"], ["value", "development"], ["created_at", "2020-01-16 12:41:47.592024"], ["updated_at", "2020-01-16 12:41:47.592024"]]
  ↳ /Users/matthieuharbonnier/.rbenv/versions/2.5.1/bin/rake:23
  [1m[35m (0.5ms)[0m  [1m[35mCOMMIT[0m
  ↳ /Users/matthieuharbonnier/.rbenv/versions/2.5.1/bin/rake:23
  [1m[35m (0.3ms)[0m  [1m[34mSELECT pg_advisory_unlock(7045273633535244975)[0m
  ↳ /Users/matthieuharbonnier/.rbenv/versions/2.5.1/bin/rake:23
  [1m[35m (0.3ms)[0m  [1m[34mSELECT "schema_migrations"."version" FROM "schema_migrations" ORDER BY "schema_migrations"."version" ASC[0m
  ↳ /Users/matthieuharbonnier/.rbenv/versions/2.5.1/bin/rake:23
  [1m[35m (0.1ms)[0m  [1m[35mBEGIN[0m
  ↳ bin/rails:4
  [1m[36mTeam Load (2.2ms)[0m  [1m[34mSELECT  "teams".* FROM "teams" LIMIT $1[0m  [["LIMIT", 11]]
  [1m[35m (9.2ms)[0m  [1m[35mSAVEPOINT active_record_1[0m
  [1m[36mTeam Create (1.2ms)[0m  [1m[32mINSERT INTO "teams" ("name", "created_at", "updated_at") VALUES ($1, $2, $3) RETURNING "id"[0m  [["name", "psg"], ["created_at", "2020-01-16 12:42:31.868803"], ["updated_at", "2020-01-16 12:42:31.868803"]]
  [1m[35m (0.1ms)[0m  [1m[35mRELEASE SAVEPOINT active_record_1[0m
  [1m[36mTeam Load (5.7ms)[0m  [1m[34mSELECT  "teams".* FROM "teams" LIMIT $1[0m  [["LIMIT", 11]]
  [1m[35m (8.5ms)[0m  [1m[34mSELECT COUNT(*) FROM "teams"[0m
  [1m[36mTeam Load (0.4ms)[0m  [1m[34mSELECT  "teams".* FROM "teams" ORDER BY "teams"."id" ASC LIMIT $1[0m  [["LIMIT", 1]]
  [1m[35m (0.3ms)[0m  [1m[31mROLLBACK[0m
Started GET "/" for ::1 at 2020-01-16 13:52:18 +0100
  [1m[35m (0.8ms)[0m  [1m[34mSELECT "schema_migrations"."version" FROM "schema_migrations" ORDER BY "schema_migrations"."version" ASC[0m
  ↳ /Users/matthieuharbonnier/.rbenv/versions/2.5.1/lib/ruby/gems/2.5.0/gems/activerecord-5.2.3/lib/active_record/log_subscriber.rb:98
Processing by Rails::WelcomeController#index as HTML
  Rendering /Users/matthieuharbonnier/.rbenv/versions/2.5.1/lib/ruby/gems/2.5.0/gems/railties-5.2.3/lib/rails/templates/rails/welcome/index.html.erb
  Rendered /Users/matthieuharbonnier/.rbenv/versions/2.5.1/lib/ruby/gems/2.5.0/gems/railties-5.2.3/lib/rails/templates/rails/welcome/index.html.erb (3.0ms)
Completed 200 OK in 10ms (Views: 6.6ms | ActiveRecord: 0.0ms)


Started GET "/teams" for ::1 at 2020-01-16 13:52:19 +0100
  
AbstractController::ActionNotFound (The action 'index' could not be found for TeamsController):
  
actionpack (5.2.3) lib/abstract_controller/base.rb:129:in `process'
actionview (5.2.3) lib/action_view/rendering.rb:32:in `process'
actionpack (5.2.3) lib/action_controller/metal.rb:191:in `dispatch'
actionpack (5.2.3) lib/action_controller/metal.rb:252:in `dispatch'
actionpack (5.2.3) lib/action_dispatch/routing/route_set.rb:52:in `dispatch'
actionpack (5.2.3) lib/action_dispatch/routing/route_set.rb:34:in `serve'
actionpack (5.2.3) lib/action_dispatch/journey/router.rb:52:in `block in serve'
actionpack (5.2.3) lib/action_dispatch/journey/router.rb:35:in `each'
actionpack (5.2.3) lib/action_dispatch/journey/router.rb:35:in `serve'
actionpack (5.2.3) lib/action_dispatch/routing/route_set.rb:840:in `call'
rack (2.0.7) lib/rack/tempfile_reaper.rb:15:in `call'
rack (2.0.7) lib/rack/etag.rb:25:in `call'
rack (2.0.7) lib/rack/conditional_get.rb:25:in `call'
rack (2.0.7) lib/rack/head.rb:12:in `call'
actionpack (5.2.3) lib/action_dispatch/http/content_security_policy.rb:18:in `call'
rack (2.0.7) lib/rack/session/abstract/id.rb:232:in `context'
rack (2.0.7) lib/rack/session/abstract/id.rb:226:in `call'
actionpack (5.2.3) lib/action_dispatch/middleware/cookies.rb:670:in `call'
activerecord (5.2.3) lib/active_record/migration.rb:559:in `call'
actionpack (5.2.3) lib/action_dispatch/middleware/callbacks.rb:28:in `block in call'
activesupport (5.2.3) lib/active_support/callbacks.rb:98:in `run_callbacks'
actionpack (5.2.3) lib/action_dispatch/middleware/callbacks.rb:26:in `call'
actionpack (5.2.3) lib/action_dispatch/middleware/executor.rb:14:in `call'
actionpack (5.2.3) lib/action_dispatch/middleware/debug_exceptions.rb:61:in `call'
web-console (3.7.0) lib/web_console/middleware.rb:135:in `call_app'
web-console (3.7.0) lib/web_console/middleware.rb:30:in `block in call'
web-console (3.7.0) lib/web_console/middleware.rb:20:in `catch'
web-console (3.7.0) lib/web_console/middleware.rb:20:in `call'
actionpack (5.2.3) lib/action_dispatch/middleware/show_exceptions.rb:33:in `call'
railties (5.2.3) lib/rails/rack/logger.rb:38:in `call_app'
railties (5.2.3) lib/rails/rack/logger.rb:26:in `block in call'
activesupport (5.2.3) lib/active_support/tagged_logging.rb:71:in `block in tagged'
activesupport (5.2.3) lib/active_support/tagged_logging.rb:28:in `tagged'
activesupport (5.2.3) lib/active_support/tagged_logging.rb:71:in `tagged'
railties (5.2.3) lib/rails/rack/logger.rb:26:in `call'
sprockets-rails (3.2.1) lib/sprockets/rails/quiet_assets.rb:13:in `call'
actionpack (5.2.3) lib/action_dispatch/middleware/remote_ip.rb:81:in `call'
actionpack (5.2.3) lib/action_dispatch/middleware/request_id.rb:27:in `call'
rack (2.0.7) lib/rack/method_override.rb:22:in `call'
rack (2.0.7) lib/rack/runtime.rb:22:in `call'
activesupport (5.2.3) lib/active_support/cache/strategy/local_cache_middleware.rb:29:in `call'
actionpack (5.2.3) lib/action_dispatch/middleware/executor.rb:14:in `call'
actionpack (5.2.3) lib/action_dispatch/middleware/static.rb:127:in `call'
rack (2.0.7) lib/rack/sendfile.rb:111:in `call'
railties (5.2.3) lib/rails/engine.rb:524:in `call'
puma (3.12.1) lib/puma/configuration.rb:227:in `call'
puma (3.12.1) lib/puma/server.rb:660:in `handle_request'
puma (3.12.1) lib/puma/server.rb:474:in `process_client'
puma (3.12.1) lib/puma/server.rb:334:in `block in run'
puma (3.12.1) lib/puma/thread_pool.rb:135:in `block in spawn_thread'
Started GET "/teams" for ::1 at 2020-01-16 13:52:19 +0100
  
AbstractController::ActionNotFound (The action 'index' could not be found for TeamsController):
  
actionpack (5.2.3) lib/abstract_controller/base.rb:129:in `process'
actionview (5.2.3) lib/action_view/rendering.rb:32:in `process'
actionpack (5.2.3) lib/action_controller/metal.rb:191:in `dispatch'
actionpack (5.2.3) lib/action_controller/metal.rb:252:in `dispatch'
actionpack (5.2.3) lib/action_dispatch/routing/route_set.rb:52:in `dispatch'
actionpack (5.2.3) lib/action_dispatch/routing/route_set.rb:34:in `serve'
actionpack (5.2.3) lib/action_dispatch/journey/router.rb:52:in `block in serve'
actionpack (5.2.3) lib/action_dispatch/journey/router.rb:35:in `each'
actionpack (5.2.3) lib/action_dispatch/journey/router.rb:35:in `serve'
actionpack (5.2.3) lib/action_dispatch/routing/route_set.rb:840:in `call'
rack (2.0.7) lib/rack/tempfile_reaper.rb:15:in `call'
rack (2.0.7) lib/rack/etag.rb:25:in `call'
rack (2.0.7) lib/rack/conditional_get.rb:25:in `call'
rack (2.0.7) lib/rack/head.rb:12:in `call'
actionpack (5.2.3) lib/action_dispatch/http/content_security_policy.rb:18:in `call'
rack (2.0.7) lib/rack/session/abstract/id.rb:232:in `context'
rack (2.0.7) lib/rack/session/abstract/id.rb:226:in `call'
actionpack (5.2.3) lib/action_dispatch/middleware/cookies.rb:670:in `call'
activerecord (5.2.3) lib/active_record/migration.rb:559:in `call'
actionpack (5.2.3) lib/action_dispatch/middleware/callbacks.rb:28:in `block in call'
activesupport (5.2.3) lib/active_support/callbacks.rb:98:in `run_callbacks'
actionpack (5.2.3) lib/action_dispatch/middleware/callbacks.rb:26:in `call'
actionpack (5.2.3) lib/action_dispatch/middleware/executor.rb:14:in `call'
actionpack (5.2.3) lib/action_dispatch/middleware/debug_exceptions.rb:61:in `call'
web-console (3.7.0) lib/web_console/middleware.rb:135:in `call_app'
web-console (3.7.0) lib/web_console/middleware.rb:30:in `block in call'
web-console (3.7.0) lib/web_console/middleware.rb:20:in `catch'
web-console (3.7.0) lib/web_console/middleware.rb:20:in `call'
actionpack (5.2.3) lib/action_dispatch/middleware/show_exceptions.rb:33:in `call'
railties (5.2.3) lib/rails/rack/logger.rb:38:in `call_app'
railties (5.2.3) lib/rails/rack/logger.rb:26:in `block in call'
activesupport (5.2.3) lib/active_support/tagged_logging.rb:71:in `block in tagged'
activesupport (5.2.3) lib/active_support/tagged_logging.rb:28:in `tagged'
activesupport (5.2.3) lib/active_support/tagged_logging.rb:71:in `tagged'
railties (5.2.3) lib/rails/rack/logger.rb:26:in `call'
sprockets-rails (3.2.1) lib/sprockets/rails/quiet_assets.rb:13:in `call'
actionpack (5.2.3) lib/action_dispatch/middleware/remote_ip.rb:81:in `call'
actionpack (5.2.3) lib/action_dispatch/middleware/request_id.rb:27:in `call'
rack (2.0.7) lib/rack/method_override.rb:22:in `call'
rack (2.0.7) lib/rack/runtime.rb:22:in `call'
activesupport (5.2.3) lib/active_support/cache/strategy/local_cache_middleware.rb:29:in `call'
actionpack (5.2.3) lib/action_dispatch/middleware/executor.rb:14:in `call'
actionpack (5.2.3) lib/action_dispatch/middleware/static.rb:127:in `call'
rack (2.0.7) lib/rack/sendfile.rb:111:in `call'
railties (5.2.3) lib/rails/engine.rb:524:in `call'
puma (3.12.1) lib/puma/configuration.rb:227:in `call'
puma (3.12.1) lib/puma/server.rb:660:in `handle_request'
puma (3.12.1) lib/puma/server.rb:474:in `process_client'
puma (3.12.1) lib/puma/server.rb:334:in `block in run'
puma (3.12.1) lib/puma/thread_pool.rb:135:in `block in spawn_thread'
Started GET "/teams" for ::1 at 2020-01-16 13:52:39 +0100
Processing by TeamsController#index as HTML
Completed 406 Not Acceptable in 70ms (ActiveRecord: 0.0ms)


  
ActionController::UnknownFormat (TeamsController#index is missing a template for this request format and variant.

request.formats: ["text/html"]
request.variant: []

NOTE! For XHR/Ajax or API requests, this action would normally respond with 204 No Content: an empty white screen. Since you're loading it in a web browser, we assume that you expected to actually render a template, not nothing, so we're showing an error to be extra-clear. If you expect 204 No Content, carry on. That's what you'll get from an XHR or API request. Give it a shot.):
  
actionpack (5.2.3) lib/action_controller/metal/implicit_render.rb:55:in `default_render'
actionpack (5.2.3) lib/action_controller/metal/basic_implicit_render.rb:6:in `block in send_action'
actionpack (5.2.3) lib/action_controller/metal/basic_implicit_render.rb:6:in `tap'
actionpack (5.2.3) lib/action_controller/metal/basic_implicit_render.rb:6:in `send_action'
actionpack (5.2.3) lib/abstract_controller/base.rb:194:in `process_action'
actionpack (5.2.3) lib/action_controller/metal/rendering.rb:30:in `process_action'
actionpack (5.2.3) lib/abstract_controller/callbacks.rb:42:in `block in process_action'
activesupport (5.2.3) lib/active_support/callbacks.rb:132:in `run_callbacks'
actionpack (5.2.3) lib/abstract_controller/callbacks.rb:41:in `process_action'
actionpack (5.2.3) lib/action_controller/metal/rescue.rb:22:in `process_action'
actionpack (5.2.3) lib/action_controller/metal/instrumentation.rb:34:in `block in process_action'
activesupport (5.2.3) lib/active_support/notifications.rb:168:in `block in instrument'
activesupport (5.2.3) lib/active_support/notifications/instrumenter.rb:23:in `instrument'
activesupport (5.2.3) lib/active_support/notifications.rb:168:in `instrument'
actionpack (5.2.3) lib/action_controller/metal/instrumentation.rb:32:in `process_action'
actionpack (5.2.3) lib/action_controller/metal/params_wrapper.rb:256:in `process_action'
activerecord (5.2.3) lib/active_record/railties/controller_runtime.rb:24:in `process_action'
actionpack (5.2.3) lib/abstract_controller/base.rb:134:in `process'
actionview (5.2.3) lib/action_view/rendering.rb:32:in `process'
actionpack (5.2.3) lib/action_controller/metal.rb:191:in `dispatch'
actionpack (5.2.3) lib/action_controller/metal.rb:252:in `dispatch'
actionpack (5.2.3) lib/action_dispatch/routing/route_set.rb:52:in `dispatch'
actionpack (5.2.3) lib/action_dispatch/routing/route_set.rb:34:in `serve'
actionpack (5.2.3) lib/action_dispatch/journey/router.rb:52:in `block in serve'
actionpack (5.2.3) lib/action_dispatch/journey/router.rb:35:in `each'
actionpack (5.2.3) lib/action_dispatch/journey/router.rb:35:in `serve'
actionpack (5.2.3) lib/action_dispatch/routing/route_set.rb:840:in `call'
rack (2.0.7) lib/rack/tempfile_reaper.rb:15:in `call'
rack (2.0.7) lib/rack/etag.rb:25:in `call'
rack (2.0.7) lib/rack/conditional_get.rb:25:in `call'
rack (2.0.7) lib/rack/head.rb:12:in `call'
actionpack (5.2.3) lib/action_dispatch/http/content_security_policy.rb:18:in `call'
rack (2.0.7) lib/rack/session/abstract/id.rb:232:in `context'
rack (2.0.7) lib/rack/session/abstract/id.rb:226:in `call'
actionpack (5.2.3) lib/action_dispatch/middleware/cookies.rb:670:in `call'
activerecord (5.2.3) lib/active_record/migration.rb:559:in `call'
actionpack (5.2.3) lib/action_dispatch/middleware/callbacks.rb:28:in `block in call'
activesupport (5.2.3) lib/active_support/callbacks.rb:98:in `run_callbacks'
actionpack (5.2.3) lib/action_dispatch/middleware/callbacks.rb:26:in `call'
actionpack (5.2.3) lib/action_dispatch/middleware/executor.rb:14:in `call'
actionpack (5.2.3) lib/action_dispatch/middleware/debug_exceptions.rb:61:in `call'
web-console (3.7.0) lib/web_console/middleware.rb:135:in `call_app'
web-console (3.7.0) lib/web_console/middleware.rb:30:in `block in call'
web-console (3.7.0) lib/web_console/middleware.rb:20:in `catch'
web-console (3.7.0) lib/web_console/middleware.rb:20:in `call'
actionpack (5.2.3) lib/action_dispatch/middleware/show_exceptions.rb:33:in `call'
railties (5.2.3) lib/rails/rack/logger.rb:38:in `call_app'
railties (5.2.3) lib/rails/rack/logger.rb:26:in `block in call'
activesupport (5.2.3) lib/active_support/tagged_logging.rb:71:in `block in tagged'
activesupport (5.2.3) lib/active_support/tagged_logging.rb:28:in `tagged'
activesupport (5.2.3) lib/active_support/tagged_logging.rb:71:in `tagged'
railties (5.2.3) lib/rails/rack/logger.rb:26:in `call'
sprockets-rails (3.2.1) lib/sprockets/rails/quiet_assets.rb:13:in `call'
actionpack (5.2.3) lib/action_dispatch/middleware/remote_ip.rb:81:in `call'
actionpack (5.2.3) lib/action_dispatch/middleware/request_id.rb:27:in `call'
rack (2.0.7) lib/rack/method_override.rb:22:in `call'
rack (2.0.7) lib/rack/runtime.rb:22:in `call'
activesupport (5.2.3) lib/active_support/cache/strategy/local_cache_middleware.rb:29:in `call'
actionpack (5.2.3) lib/action_dispatch/middleware/executor.rb:14:in `call'
actionpack (5.2.3) lib/action_dispatch/middleware/static.rb:127:in `call'
rack (2.0.7) lib/rack/sendfile.rb:111:in `call'
railties (5.2.3) lib/rails/engine.rb:524:in `call'
puma (3.12.1) lib/puma/configuration.rb:227:in `call'
puma (3.12.1) lib/puma/server.rb:660:in `handle_request'
puma (3.12.1) lib/puma/server.rb:474:in `process_client'
puma (3.12.1) lib/puma/server.rb:334:in `block in run'
puma (3.12.1) lib/puma/thread_pool.rb:135:in `block in spawn_thread'
Started GET "/teams" for ::1 at 2020-01-16 13:53:19 +0100
Processing by TeamsController#index as HTML
  Rendering teams/index.html.erb within layouts/application
  Rendered teams/index.html.erb within layouts/application (0.7ms)
Completed 200 OK in 512ms (Views: 510.2ms | ActiveRecord: 0.0ms)


Started GET "/teams" for ::1 at 2020-01-16 13:54:30 +0100
  
ArgumentError (Missing :controller key on routes definition, please check your routes.):
  
config/routes.rb:5:in `block in <top (required)>'
config/routes.rb:1:in `<top (required)>'
Started GET "/teams" for ::1 at 2020-01-16 13:54:51 +0100
  
NoMethodError (undefined method `Root' for #<ActionDispatch::Routing::Mapper:0x00007f9a305bc440>):
  
config/routes.rb:5:in `block in <top (required)>'
config/routes.rb:1:in `<top (required)>'
Started GET "/teams" for ::1 at 2020-01-16 13:55:13 +0100
Processing by TeamsController#index as HTML
  Rendering teams/index.html.erb within layouts/application
  Rendered teams/index.html.erb within layouts/application (0.4ms)
Completed 200 OK in 31ms (Views: 28.1ms | ActiveRecord: 0.0ms)


Started GET "/teams" for ::1 at 2020-01-16 17:32:18 +0100
  [1m[35m (3.3ms)[0m  [1m[34mSELECT "schema_migrations"."version" FROM "schema_migrations" ORDER BY "schema_migrations"."version" ASC[0m
  ↳ /Users/matthieuharbonnier/.rbenv/versions/2.5.1/lib/ruby/gems/2.5.0/gems/activerecord-5.2.3/lib/active_record/log_subscriber.rb:98
Processing by TeamsController#index as HTML
  Rendering teams/index.html.erb within layouts/application
  Rendered teams/index.html.erb within layouts/application (1.3ms)
Completed 200 OK in 316ms (Views: 304.3ms | ActiveRecord: 0.0ms)


Started GET "/teams/7" for ::1 at 2020-01-16 17:34:30 +0100
  
AbstractController::ActionNotFound (The action 'show' could not be found for TeamsController):
  
actionpack (5.2.3) lib/abstract_controller/base.rb:129:in `process'
actionview (5.2.3) lib/action_view/rendering.rb:32:in `process'
actionpack (5.2.3) lib/action_controller/metal.rb:191:in `dispatch'
actionpack (5.2.3) lib/action_controller/metal.rb:252:in `dispatch'
actionpack (5.2.3) lib/action_dispatch/routing/route_set.rb:52:in `dispatch'
actionpack (5.2.3) lib/action_dispatch/routing/route_set.rb:34:in `serve'
actionpack (5.2.3) lib/action_dispatch/journey/router.rb:52:in `block in serve'
actionpack (5.2.3) lib/action_dispatch/journey/router.rb:35:in `each'
actionpack (5.2.3) lib/action_dispatch/journey/router.rb:35:in `serve'
actionpack (5.2.3) lib/action_dispatch/routing/route_set.rb:840:in `call'
rack (2.0.7) lib/rack/tempfile_reaper.rb:15:in `call'
rack (2.0.7) lib/rack/etag.rb:25:in `call'
rack (2.0.7) lib/rack/conditional_get.rb:25:in `call'
rack (2.0.7) lib/rack/head.rb:12:in `call'
actionpack (5.2.3) lib/action_dispatch/http/content_security_policy.rb:18:in `call'
rack (2.0.7) lib/rack/session/abstract/id.rb:232:in `context'
rack (2.0.7) lib/rack/session/abstract/id.rb:226:in `call'
actionpack (5.2.3) lib/action_dispatch/middleware/cookies.rb:670:in `call'
activerecord (5.2.3) lib/active_record/migration.rb:559:in `call'
actionpack (5.2.3) lib/action_dispatch/middleware/callbacks.rb:28:in `block in call'
activesupport (5.2.3) lib/active_support/callbacks.rb:98:in `run_callbacks'
actionpack (5.2.3) lib/action_dispatch/middleware/callbacks.rb:26:in `call'
actionpack (5.2.3) lib/action_dispatch/middleware/executor.rb:14:in `call'
actionpack (5.2.3) lib/action_dispatch/middleware/debug_exceptions.rb:61:in `call'
web-console (3.7.0) lib/web_console/middleware.rb:135:in `call_app'
web-console (3.7.0) lib/web_console/middleware.rb:30:in `block in call'
web-console (3.7.0) lib/web_console/middleware.rb:20:in `catch'
web-console (3.7.0) lib/web_console/middleware.rb:20:in `call'
actionpack (5.2.3) lib/action_dispatch/middleware/show_exceptions.rb:33:in `call'
railties (5.2.3) lib/rails/rack/logger.rb:38:in `call_app'
railties (5.2.3) lib/rails/rack/logger.rb:26:in `block in call'
activesupport (5.2.3) lib/active_support/tagged_logging.rb:71:in `block in tagged'
activesupport (5.2.3) lib/active_support/tagged_logging.rb:28:in `tagged'
activesupport (5.2.3) lib/active_support/tagged_logging.rb:71:in `tagged'
railties (5.2.3) lib/rails/rack/logger.rb:26:in `call'
sprockets-rails (3.2.1) lib/sprockets/rails/quiet_assets.rb:13:in `call'
actionpack (5.2.3) lib/action_dispatch/middleware/remote_ip.rb:81:in `call'
actionpack (5.2.3) lib/action_dispatch/middleware/request_id.rb:27:in `call'
rack (2.0.7) lib/rack/method_override.rb:22:in `call'
rack (2.0.7) lib/rack/runtime.rb:22:in `call'
activesupport (5.2.3) lib/active_support/cache/strategy/local_cache_middleware.rb:29:in `call'
actionpack (5.2.3) lib/action_dispatch/middleware/executor.rb:14:in `call'
actionpack (5.2.3) lib/action_dispatch/middleware/static.rb:127:in `call'
rack (2.0.7) lib/rack/sendfile.rb:111:in `call'
railties (5.2.3) lib/rails/engine.rb:524:in `call'
puma (3.12.1) lib/puma/configuration.rb:227:in `call'
puma (3.12.1) lib/puma/server.rb:660:in `handle_request'
puma (3.12.1) lib/puma/server.rb:474:in `process_client'
puma (3.12.1) lib/puma/server.rb:334:in `block in run'
puma (3.12.1) lib/puma/thread_pool.rb:135:in `block in spawn_thread'
Started GET "/teams/new" for ::1 at 2020-01-16 17:34:31 +0100
  
AbstractController::ActionNotFound (The action 'new' could not be found for TeamsController):
  
actionpack (5.2.3) lib/abstract_controller/base.rb:129:in `process'
actionview (5.2.3) lib/action_view/rendering.rb:32:in `process'
actionpack (5.2.3) lib/action_controller/metal.rb:191:in `dispatch'
actionpack (5.2.3) lib/action_controller/metal.rb:252:in `dispatch'
actionpack (5.2.3) lib/action_dispatch/routing/route_set.rb:52:in `dispatch'
actionpack (5.2.3) lib/action_dispatch/routing/route_set.rb:34:in `serve'
actionpack (5.2.3) lib/action_dispatch/journey/router.rb:52:in `block in serve'
actionpack (5.2.3) lib/action_dispatch/journey/router.rb:35:in `each'
actionpack (5.2.3) lib/action_dispatch/journey/router.rb:35:in `serve'
actionpack (5.2.3) lib/action_dispatch/routing/route_set.rb:840:in `call'
rack (2.0.7) lib/rack/tempfile_reaper.rb:15:in `call'
rack (2.0.7) lib/rack/etag.rb:25:in `call'
rack (2.0.7) lib/rack/conditional_get.rb:25:in `call'
rack (2.0.7) lib/rack/head.rb:12:in `call'
actionpack (5.2.3) lib/action_dispatch/http/content_security_policy.rb:18:in `call'
rack (2.0.7) lib/rack/session/abstract/id.rb:232:in `context'
rack (2.0.7) lib/rack/session/abstract/id.rb:226:in `call'
actionpack (5.2.3) lib/action_dispatch/middleware/cookies.rb:670:in `call'
activerecord (5.2.3) lib/active_record/migration.rb:559:in `call'
actionpack (5.2.3) lib/action_dispatch/middleware/callbacks.rb:28:in `block in call'
activesupport (5.2.3) lib/active_support/callbacks.rb:98:in `run_callbacks'
actionpack (5.2.3) lib/action_dispatch/middleware/callbacks.rb:26:in `call'
actionpack (5.2.3) lib/action_dispatch/middleware/executor.rb:14:in `call'
actionpack (5.2.3) lib/action_dispatch/middleware/debug_exceptions.rb:61:in `call'
web-console (3.7.0) lib/web_console/middleware.rb:135:in `call_app'
web-console (3.7.0) lib/web_console/middleware.rb:30:in `block in call'
web-console (3.7.0) lib/web_console/middleware.rb:20:in `catch'
web-console (3.7.0) lib/web_console/middleware.rb:20:in `call'
actionpack (5.2.3) lib/action_dispatch/middleware/show_exceptions.rb:33:in `call'
railties (5.2.3) lib/rails/rack/logger.rb:38:in `call_app'
railties (5.2.3) lib/rails/rack/logger.rb:26:in `block in call'
activesupport (5.2.3) lib/active_support/tagged_logging.rb:71:in `block in tagged'
activesupport (5.2.3) lib/active_support/tagged_logging.rb:28:in `tagged'
activesupport (5.2.3) lib/active_support/tagged_logging.rb:71:in `tagged'
railties (5.2.3) lib/rails/rack/logger.rb:26:in `call'
sprockets-rails (3.2.1) lib/sprockets/rails/quiet_assets.rb:13:in `call'
actionpack (5.2.3) lib/action_dispatch/middleware/remote_ip.rb:81:in `call'
actionpack (5.2.3) lib/action_dispatch/middleware/request_id.rb:27:in `call'
rack (2.0.7) lib/rack/method_override.rb:22:in `call'
rack (2.0.7) lib/rack/runtime.rb:22:in `call'
activesupport (5.2.3) lib/active_support/cache/strategy/local_cache_middleware.rb:29:in `call'
actionpack (5.2.3) lib/action_dispatch/middleware/executor.rb:14:in `call'
actionpack (5.2.3) lib/action_dispatch/middleware/static.rb:127:in `call'
rack (2.0.7) lib/rack/sendfile.rb:111:in `call'
railties (5.2.3) lib/rails/engine.rb:524:in `call'
puma (3.12.1) lib/puma/configuration.rb:227:in `call'
puma (3.12.1) lib/puma/server.rb:660:in `handle_request'
puma (3.12.1) lib/puma/server.rb:474:in `process_client'
puma (3.12.1) lib/puma/server.rb:334:in `block in run'
puma (3.12.1) lib/puma/thread_pool.rb:135:in `block in spawn_thread'
Started GET "/teams/new" for ::1 at 2020-01-16 17:34:49 +0100
Processing by TeamsController#new as HTML
Completed 406 Not Acceptable in 99ms (ActiveRecord: 0.0ms)


  
ActionController::UnknownFormat (TeamsController#new is missing a template for this request format and variant.

request.formats: ["text/html"]
request.variant: []

NOTE! For XHR/Ajax or API requests, this action would normally respond with 204 No Content: an empty white screen. Since you're loading it in a web browser, we assume that you expected to actually render a template, not nothing, so we're showing an error to be extra-clear. If you expect 204 No Content, carry on. That's what you'll get from an XHR or API request. Give it a shot.):
  
actionpack (5.2.3) lib/action_controller/metal/implicit_render.rb:55:in `default_render'
actionpack (5.2.3) lib/action_controller/metal/basic_implicit_render.rb:6:in `block in send_action'
actionpack (5.2.3) lib/action_controller/metal/basic_implicit_render.rb:6:in `tap'
actionpack (5.2.3) lib/action_controller/metal/basic_implicit_render.rb:6:in `send_action'
actionpack (5.2.3) lib/abstract_controller/base.rb:194:in `process_action'
actionpack (5.2.3) lib/action_controller/metal/rendering.rb:30:in `process_action'
actionpack (5.2.3) lib/abstract_controller/callbacks.rb:42:in `block in process_action'
activesupport (5.2.3) lib/active_support/callbacks.rb:132:in `run_callbacks'
actionpack (5.2.3) lib/abstract_controller/callbacks.rb:41:in `process_action'
actionpack (5.2.3) lib/action_controller/metal/rescue.rb:22:in `process_action'
actionpack (5.2.3) lib/action_controller/metal/instrumentation.rb:34:in `block in process_action'
activesupport (5.2.3) lib/active_support/notifications.rb:168:in `block in instrument'
activesupport (5.2.3) lib/active_support/notifications/instrumenter.rb:23:in `instrument'
activesupport (5.2.3) lib/active_support/notifications.rb:168:in `instrument'
actionpack (5.2.3) lib/action_controller/metal/instrumentation.rb:32:in `process_action'
actionpack (5.2.3) lib/action_controller/metal/params_wrapper.rb:256:in `process_action'
activerecord (5.2.3) lib/active_record/railties/controller_runtime.rb:24:in `process_action'
actionpack (5.2.3) lib/abstract_controller/base.rb:134:in `process'
actionview (5.2.3) lib/action_view/rendering.rb:32:in `process'
actionpack (5.2.3) lib/action_controller/metal.rb:191:in `dispatch'
actionpack (5.2.3) lib/action_controller/metal.rb:252:in `dispatch'
actionpack (5.2.3) lib/action_dispatch/routing/route_set.rb:52:in `dispatch'
actionpack (5.2.3) lib/action_dispatch/routing/route_set.rb:34:in `serve'
actionpack (5.2.3) lib/action_dispatch/journey/router.rb:52:in `block in serve'
actionpack (5.2.3) lib/action_dispatch/journey/router.rb:35:in `each'
actionpack (5.2.3) lib/action_dispatch/journey/router.rb:35:in `serve'
actionpack (5.2.3) lib/action_dispatch/routing/route_set.rb:840:in `call'
rack (2.0.7) lib/rack/tempfile_reaper.rb:15:in `call'
rack (2.0.7) lib/rack/etag.rb:25:in `call'
rack (2.0.7) lib/rack/conditional_get.rb:25:in `call'
rack (2.0.7) lib/rack/head.rb:12:in `call'
actionpack (5.2.3) lib/action_dispatch/http/content_security_policy.rb:18:in `call'
rack (2.0.7) lib/rack/session/abstract/id.rb:232:in `context'
rack (2.0.7) lib/rack/session/abstract/id.rb:226:in `call'
actionpack (5.2.3) lib/action_dispatch/middleware/cookies.rb:670:in `call'
activerecord (5.2.3) lib/active_record/migration.rb:559:in `call'
actionpack (5.2.3) lib/action_dispatch/middleware/callbacks.rb:28:in `block in call'
activesupport (5.2.3) lib/active_support/callbacks.rb:98:in `run_callbacks'
actionpack (5.2.3) lib/action_dispatch/middleware/callbacks.rb:26:in `call'
actionpack (5.2.3) lib/action_dispatch/middleware/executor.rb:14:in `call'
actionpack (5.2.3) lib/action_dispatch/middleware/debug_exceptions.rb:61:in `call'
web-console (3.7.0) lib/web_console/middleware.rb:135:in `call_app'
web-console (3.7.0) lib/web_console/middleware.rb:30:in `block in call'
web-console (3.7.0) lib/web_console/middleware.rb:20:in `catch'
web-console (3.7.0) lib/web_console/middleware.rb:20:in `call'
actionpack (5.2.3) lib/action_dispatch/middleware/show_exceptions.rb:33:in `call'
railties (5.2.3) lib/rails/rack/logger.rb:38:in `call_app'
railties (5.2.3) lib/rails/rack/logger.rb:26:in `block in call'
activesupport (5.2.3) lib/active_support/tagged_logging.rb:71:in `block in tagged'
activesupport (5.2.3) lib/active_support/tagged_logging.rb:28:in `tagged'
activesupport (5.2.3) lib/active_support/tagged_logging.rb:71:in `tagged'
railties (5.2.3) lib/rails/rack/logger.rb:26:in `call'
sprockets-rails (3.2.1) lib/sprockets/rails/quiet_assets.rb:13:in `call'
actionpack (5.2.3) lib/action_dispatch/middleware/remote_ip.rb:81:in `call'
actionpack (5.2.3) lib/action_dispatch/middleware/request_id.rb:27:in `call'
rack (2.0.7) lib/rack/method_override.rb:22:in `call'
rack (2.0.7) lib/rack/runtime.rb:22:in `call'
activesupport (5.2.3) lib/active_support/cache/strategy/local_cache_middleware.rb:29:in `call'
actionpack (5.2.3) lib/action_dispatch/middleware/executor.rb:14:in `call'
actionpack (5.2.3) lib/action_dispatch/middleware/static.rb:127:in `call'
rack (2.0.7) lib/rack/sendfile.rb:111:in `call'
railties (5.2.3) lib/rails/engine.rb:524:in `call'
puma (3.12.1) lib/puma/configuration.rb:227:in `call'
puma (3.12.1) lib/puma/server.rb:660:in `handle_request'
puma (3.12.1) lib/puma/server.rb:474:in `process_client'
puma (3.12.1) lib/puma/server.rb:334:in `block in run'
puma (3.12.1) lib/puma/thread_pool.rb:135:in `block in spawn_thread'
Started GET "/teams/new" for ::1 at 2020-01-16 17:35:13 +0100
Processing by TeamsController#new as HTML
  Rendering teams/new.html.erb within layouts/application
  Rendered teams/new.html.erb within layouts/application (0.8ms)
Completed 200 OK in 32ms (Views: 29.8ms | ActiveRecord: 0.0ms)


Started GET "/teams/new" for ::1 at 2020-01-16 17:41:19 +0100
Processing by TeamsController#new as HTML
  Rendering teams/new.html.erb within layouts/application
  Rendered teams/new.html.erb within layouts/application (11.8ms)
Completed 200 OK in 106ms (Views: 41.6ms | ActiveRecord: 54.3ms)


Started GET "/teams/new" for ::1 at 2020-01-16 17:41:27 +0100
Processing by TeamsController#new as HTML
  Rendering teams/new.html.erb within layouts/application
  Rendered teams/new.html.erb within layouts/application (1.6ms)
Completed 200 OK in 27ms (Views: 24.2ms | ActiveRecord: 0.0ms)


Started GET "/teams/new" for ::1 at 2020-01-16 17:41:31 +0100
Processing by TeamsController#new as HTML
  Rendering teams/new.html.erb within layouts/application
  Rendered teams/new.html.erb within layouts/application (1.5ms)
Completed 200 OK in 19ms (Views: 16.2ms | ActiveRecord: 0.0ms)


Started GET "/teams/new" for ::1 at 2020-01-16 17:41:48 +0100
Processing by TeamsController#new as HTML
  Rendering teams/new.html.erb within layouts/application
  Rendered teams/new.html.erb within layouts/application (1.4ms)
Completed 200 OK in 18ms (Views: 16.1ms | ActiveRecord: 0.0ms)


Started POST "/teams" for ::1 at 2020-01-16 17:42:49 +0100
  
AbstractController::ActionNotFound (The action 'create' could not be found for TeamsController):
  
actionpack (5.2.3) lib/abstract_controller/base.rb:129:in `process'
actionview (5.2.3) lib/action_view/rendering.rb:32:in `process'
actionpack (5.2.3) lib/action_controller/metal.rb:191:in `dispatch'
actionpack (5.2.3) lib/action_controller/metal.rb:252:in `dispatch'
actionpack (5.2.3) lib/action_dispatch/routing/route_set.rb:52:in `dispatch'
actionpack (5.2.3) lib/action_dispatch/routing/route_set.rb:34:in `serve'
actionpack (5.2.3) lib/action_dispatch/journey/router.rb:52:in `block in serve'
actionpack (5.2.3) lib/action_dispatch/journey/router.rb:35:in `each'
actionpack (5.2.3) lib/action_dispatch/journey/router.rb:35:in `serve'
actionpack (5.2.3) lib/action_dispatch/routing/route_set.rb:840:in `call'
rack (2.0.7) lib/rack/tempfile_reaper.rb:15:in `call'
rack (2.0.7) lib/rack/etag.rb:25:in `call'
rack (2.0.7) lib/rack/conditional_get.rb:38:in `call'
rack (2.0.7) lib/rack/head.rb:12:in `call'
actionpack (5.2.3) lib/action_dispatch/http/content_security_policy.rb:18:in `call'
rack (2.0.7) lib/rack/session/abstract/id.rb:232:in `context'
rack (2.0.7) lib/rack/session/abstract/id.rb:226:in `call'
actionpack (5.2.3) lib/action_dispatch/middleware/cookies.rb:670:in `call'
activerecord (5.2.3) lib/active_record/migration.rb:559:in `call'
actionpack (5.2.3) lib/action_dispatch/middleware/callbacks.rb:28:in `block in call'
activesupport (5.2.3) lib/active_support/callbacks.rb:98:in `run_callbacks'
actionpack (5.2.3) lib/action_dispatch/middleware/callbacks.rb:26:in `call'
actionpack (5.2.3) lib/action_dispatch/middleware/executor.rb:14:in `call'
actionpack (5.2.3) lib/action_dispatch/middleware/debug_exceptions.rb:61:in `call'
web-console (3.7.0) lib/web_console/middleware.rb:135:in `call_app'
web-console (3.7.0) lib/web_console/middleware.rb:30:in `block in call'
web-console (3.7.0) lib/web_console/middleware.rb:20:in `catch'
web-console (3.7.0) lib/web_console/middleware.rb:20:in `call'
actionpack (5.2.3) lib/action_dispatch/middleware/show_exceptions.rb:33:in `call'
railties (5.2.3) lib/rails/rack/logger.rb:38:in `call_app'
railties (5.2.3) lib/rails/rack/logger.rb:26:in `block in call'
activesupport (5.2.3) lib/active_support/tagged_logging.rb:71:in `block in tagged'
activesupport (5.2.3) lib/active_support/tagged_logging.rb:28:in `tagged'
activesupport (5.2.3) lib/active_support/tagged_logging.rb:71:in `tagged'
railties (5.2.3) lib/rails/rack/logger.rb:26:in `call'
sprockets-rails (3.2.1) lib/sprockets/rails/quiet_assets.rb:13:in `call'
actionpack (5.2.3) lib/action_dispatch/middleware/remote_ip.rb:81:in `call'
actionpack (5.2.3) lib/action_dispatch/middleware/request_id.rb:27:in `call'
rack (2.0.7) lib/rack/method_override.rb:22:in `call'
rack (2.0.7) lib/rack/runtime.rb:22:in `call'
activesupport (5.2.3) lib/active_support/cache/strategy/local_cache_middleware.rb:29:in `call'
actionpack (5.2.3) lib/action_dispatch/middleware/executor.rb:14:in `call'
actionpack (5.2.3) lib/action_dispatch/middleware/static.rb:127:in `call'
rack (2.0.7) lib/rack/sendfile.rb:111:in `call'
railties (5.2.3) lib/rails/engine.rb:524:in `call'
puma (3.12.1) lib/puma/configuration.rb:227:in `call'
puma (3.12.1) lib/puma/server.rb:660:in `handle_request'
puma (3.12.1) lib/puma/server.rb:474:in `process_client'
puma (3.12.1) lib/puma/server.rb:334:in `block in run'
puma (3.12.1) lib/puma/thread_pool.rb:135:in `block in spawn_thread'
Started GET "/teams/new" for ::1 at 2020-01-16 17:43:40 +0100
Processing by TeamsController#new as HTML
  Rendering teams/new.html.erb within layouts/application
  Rendered teams/new.html.erb within layouts/application (1.6ms)
Completed 200 OK in 40ms (Views: 24.8ms | ActiveRecord: 6.2ms)


Started POST "/teams" for ::1 at 2020-01-16 17:43:52 +0100
Processing by TeamsController#create as HTML
  Parameters: {"utf8"=>"✓", "authenticity_token"=>"DmfOO/0NitQmHpWib6cTNfB6bX74WNqypvr+0zKi090FBHxY/hyUt6Y+3VVP7jSR1mvWrNsgkeHytCZDwPqYbQ==", "team"=>{"name"=>"Test", "acronym"=>"", "city"=>"", "light_color"=>""}, "commit"=>"Create team"}
Completed 500 Internal Server Error in 1ms (ActiveRecord: 0.0ms)


  
RuntimeError ():
  
app/controllers/teams_controller.rb:11:in `create'
Started PUT "/__web_console/repl_sessions/a73baed55e84d15c6279d629aeef93e0" for ::1 at 2020-01-16 17:43:57 +0100
Started PUT "/__web_console/repl_sessions/a73baed55e84d15c6279d629aeef93e0" for ::1 at 2020-01-16 17:43:58 +0100
Started PUT "/__web_console/repl_sessions/a73baed55e84d15c6279d629aeef93e0" for ::1 at 2020-01-16 17:43:58 +0100
Started GET "/teams/new" for ::1 at 2020-01-16 17:46:59 +0100
Processing by TeamsController#new as HTML
  Rendering teams/new.html.erb within layouts/application
  Rendered teams/new.html.erb within layouts/application (1.6ms)
Completed 200 OK in 47ms (Views: 28.9ms | ActiveRecord: 5.0ms)


Started POST "/teams" for ::1 at 2020-01-16 17:48:28 +0100
Processing by TeamsController#create as HTML
  Parameters: {"utf8"=>"✓", "authenticity_token"=>"r5wrsLXSlKkNtZAdoqWiBn7ZqodLAb1ZpqzY875HPwLLlJrHv4m9JV+7586BXgE3m5ST2XMTNY9SKk0YtLcRyg==", "team"=>{"name"=>"Paris Saint-Germain", "acronym"=>"PSG", "city"=>"Paris", "light_color"=>"#004889"}, "commit"=>"Create team"}
  [1m[35m (0.2ms)[0m  [1m[35mBEGIN[0m
  ↳ app/controllers/teams_controller.rb:11
  [1m[36mTeam Create (115.4ms)[0m  [1m[32mINSERT INTO "teams" ("name", "acronym", "city", "light_color", "created_at", "updated_at") VALUES ($1, $2, $3, $4, $5, $6) RETURNING "id"[0m  [["name", "Paris Saint-Germain"], ["acronym", "PSG"], ["city", "Paris"], ["light_color", "#004889"], ["created_at", "2020-01-16 16:48:28.064424"], ["updated_at", "2020-01-16 16:48:28.064424"]]
  ↳ app/controllers/teams_controller.rb:11
  [1m[35m (0.6ms)[0m  [1m[35mCOMMIT[0m
  ↳ app/controllers/teams_controller.rb:11
Redirected to http://localhost:3000/teams
Completed 302 Found in 121ms (ActiveRecord: 116.2ms)


Started GET "/teams" for ::1 at 2020-01-16 17:48:28 +0100
Processing by TeamsController#index as HTML
  Rendering teams/index.html.erb within layouts/application
  Rendered teams/index.html.erb within layouts/application (0.4ms)
Completed 200 OK in 34ms (Views: 31.3ms | ActiveRecord: 0.0ms)


Started GET "/teams" for ::1 at 2020-01-16 17:50:08 +0100
Processing by TeamsController#index as HTML
  Rendering teams/index.html.erb within layouts/application
  [1m[36mTeam Load (42.0ms)[0m  [1m[34mSELECT "teams".* FROM "teams"[0m
  ↳ app/views/teams/index.html.erb:3
  Rendered teams/index.html.erb within layouts/application (69.9ms)
Completed 500 Internal Server Error in 77ms (ActiveRecord: 49.3ms)


  
ActionView::Template::Error (undefined method `color' for #<Team:0x00007ff2339288a8>):
    4: 	<% team.name %>
    5: 	<% team.acronym %>
    6: 	<% team.city %>
    7: 	<% team.color %>
    8: <% end %>
  
app/views/teams/index.html.erb:7:in `block in _app_views_teams_index_html_erb___3878385981661641347_70339112060940'
app/views/teams/index.html.erb:3:in `_app_views_teams_index_html_erb___3878385981661641347_70339112060940'
Started GET "/teams" for ::1 at 2020-01-16 17:50:15 +0100
Processing by TeamsController#index as HTML
  Rendering teams/index.html.erb within layouts/application
  [1m[36mTeam Load (0.4ms)[0m  [1m[34mSELECT "teams".* FROM "teams"[0m
  ↳ app/views/teams/index.html.erb:3
  Rendered teams/index.html.erb within layouts/application (1.6ms)
Completed 200 OK in 28ms (Views: 25.9ms | ActiveRecord: 0.4ms)


Started GET "/teams" for ::1 at 2020-01-16 17:50:32 +0100
Processing by TeamsController#index as HTML
  Rendering teams/index.html.erb within layouts/application
  [1m[36mTeam Load (0.3ms)[0m  [1m[34mSELECT "teams".* FROM "teams"[0m
  ↳ app/views/teams/index.html.erb:3
  Rendered teams/index.html.erb within layouts/application (1.6ms)
Completed 200 OK in 23ms (Views: 20.0ms | ActiveRecord: 0.3ms)


Started GET "/teams" for ::1 at 2020-01-16 17:51:29 +0100
Processing by TeamsController#index as HTML
  Rendering teams/index.html.erb within layouts/application
  [1m[36mTeam Load (0.3ms)[0m  [1m[34mSELECT "teams".* FROM "teams"[0m
  ↳ app/views/teams/index.html.erb:3
  Rendered teams/index.html.erb within layouts/application (1.4ms)
Completed 200 OK in 18ms (Views: 13.8ms | ActiveRecord: 0.3ms)


Started GET "/teams" for ::1 at 2020-01-16 17:52:06 +0100
Processing by TeamsController#index as HTML
  Rendering teams/index.html.erb within layouts/application
  [1m[36mTeam Load (0.3ms)[0m  [1m[34mSELECT "teams".* FROM "teams"[0m
  ↳ app/views/teams/index.html.erb:3
  Rendered teams/index.html.erb within layouts/application (1.4ms)
Completed 200 OK in 22ms (Views: 19.1ms | ActiveRecord: 0.3ms)


Started GET "/teams" for ::1 at 2020-01-16 17:52:18 +0100
Processing by TeamsController#index as HTML
  Rendering teams/index.html.erb within layouts/application
  [1m[36mTeam Load (0.5ms)[0m  [1m[34mSELECT "teams".* FROM "teams"[0m
  ↳ app/views/teams/index.html.erb:3
  Rendered teams/index.html.erb within layouts/application (2.0ms)
Completed 200 OK in 26ms (Views: 23.9ms | ActiveRecord: 0.5ms)


Started GET "/teams" for ::1 at 2020-01-16 17:53:23 +0100
Processing by TeamsController#index as HTML
  Rendering teams/index.html.erb within layouts/application
  [1m[36mTeam Load (0.4ms)[0m  [1m[34mSELECT "teams".* FROM "teams"[0m
  ↳ app/views/teams/index.html.erb:3
  Rendered teams/index.html.erb within layouts/application (1.8ms)
Completed 200 OK in 31ms (Views: 28.7ms | ActiveRecord: 0.4ms)


Started GET "/teams" for ::1 at 2020-01-16 17:53:43 +0100
Processing by TeamsController#index as HTML
  Rendering teams/index.html.erb within layouts/application
  [1m[36mTeam Load (0.3ms)[0m  [1m[34mSELECT "teams".* FROM "teams"[0m
  ↳ app/views/teams/index.html.erb:5
  Rendered teams/index.html.erb within layouts/application (1.4ms)
Completed 200 OK in 15ms (Views: 13.2ms | ActiveRecord: 0.3ms)


Started GET "/teams/new" for ::1 at 2020-01-16 17:53:46 +0100
Processing by TeamsController#new as HTML
  Rendering teams/new.html.erb within layouts/application
  Rendered teams/new.html.erb within layouts/application (1.7ms)
Completed 200 OK in 23ms (Views: 19.1ms | ActiveRecord: 0.0ms)


Started GET "/teams/new" for ::1 at 2020-01-16 17:54:02 +0100
Processing by TeamsController#new as HTML
  Rendering teams/new.html.erb within layouts/application
  Rendered teams/new.html.erb within layouts/application (1.5ms)
Completed 200 OK in 21ms (Views: 18.1ms | ActiveRecord: 0.0ms)


Started GET "/teams/new" for ::1 at 2020-01-16 17:54:12 +0100
Processing by TeamsController#new as HTML
  Rendering teams/new.html.erb within layouts/application
  Rendered teams/new.html.erb within layouts/application (1.3ms)
Completed 200 OK in 17ms (Views: 14.9ms | ActiveRecord: 0.0ms)


Started GET "/teams/new" for ::1 at 2020-01-16 17:55:14 +0100
Processing by TeamsController#new as HTML
  Rendering teams/new.html.erb within layouts/application
  Rendered teams/new.html.erb within layouts/application (1.9ms)
Completed 200 OK in 26ms (Views: 24.8ms | ActiveRecord: 0.0ms)


Started GET "/teams/new" for ::1 at 2020-01-16 17:55:15 +0100
Processing by TeamsController#new as HTML
  Rendering teams/new.html.erb within layouts/application
  Rendered teams/new.html.erb within layouts/application (1.3ms)
Completed 200 OK in 16ms (Views: 14.5ms | ActiveRecord: 0.0ms)


Started GET "/teams/new" for ::1 at 2020-01-16 17:55:23 +0100
Processing by TeamsController#new as HTML
  Rendering teams/new.html.erb within layouts/application
  Rendered teams/new.html.erb within layouts/application (1.3ms)
Completed 200 OK in 22ms (Views: 19.5ms | ActiveRecord: 0.0ms)


Started GET "/teams/new" for ::1 at 2020-01-16 17:55:28 +0100
Processing by TeamsController#new as HTML
  Rendering teams/new.html.erb within layouts/application
  Rendered teams/new.html.erb within layouts/application (1.7ms)
Completed 200 OK in 21ms (Views: 19.3ms | ActiveRecord: 0.0ms)


Started GET "/teams" for ::1 at 2020-01-16 17:55:30 +0100
Processing by TeamsController#index as HTML
  Rendering teams/index.html.erb within layouts/application
  [1m[36mTeam Load (1.1ms)[0m  [1m[34mSELECT "teams".* FROM "teams"[0m
  ↳ app/views/teams/index.html.erb:5
  Rendered teams/index.html.erb within layouts/application (4.1ms)
Completed 200 OK in 32ms (Views: 25.5ms | ActiveRecord: 1.1ms)


Started GET "/teams/new" for ::1 at 2020-01-16 17:55:34 +0100
Processing by TeamsController#new as HTML
  Rendering teams/new.html.erb within layouts/application
  Rendered teams/new.html.erb within layouts/application (2.7ms)
Completed 200 OK in 107ms (Views: 95.7ms | ActiveRecord: 0.0ms)


Started GET "/teams" for ::1 at 2020-01-16 17:55:35 +0100
Processing by TeamsController#index as HTML
  Rendering teams/index.html.erb within layouts/application
  [1m[36mTeam Load (1.8ms)[0m  [1m[34mSELECT "teams".* FROM "teams"[0m
  ↳ app/views/teams/index.html.erb:5
  Rendered teams/index.html.erb within layouts/application (6.8ms)
Completed 200 OK in 60ms (Views: 55.3ms | ActiveRecord: 1.8ms)


Started GET "/teams" for ::1 at 2020-01-16 17:55:42 +0100
Processing by TeamsController#index as HTML
  Rendering teams/index.html.erb within layouts/application
  [1m[36mTeam Load (0.3ms)[0m  [1m[34mSELECT "teams".* FROM "teams"[0m
  ↳ app/views/teams/index.html.erb:5
  Rendered teams/index.html.erb within layouts/application (1.4ms)
Completed 200 OK in 21ms (Views: 17.8ms | ActiveRecord: 0.3ms)


Started GET "/teams" for ::1 at 2020-01-16 17:56:04 +0100
Processing by TeamsController#index as HTML
  Rendering teams/index.html.erb within layouts/application
  [1m[36mTeam Load (0.3ms)[0m  [1m[34mSELECT "teams".* FROM "teams"[0m
  ↳ app/views/teams/index.html.erb:5
  Rendered teams/index.html.erb within layouts/application (1.3ms)
Completed 200 OK in 26ms (Views: 23.0ms | ActiveRecord: 0.3ms)


Started GET "/teams/new" for ::1 at 2020-01-16 17:56:05 +0100
Processing by TeamsController#new as HTML
  Rendering teams/new.html.erb within layouts/application
  Rendered teams/new.html.erb within layouts/application (1.7ms)
Completed 200 OK in 72ms (Views: 69.3ms | ActiveRecord: 0.0ms)


Started GET "/teams" for ::1 at 2020-01-16 17:56:08 +0100
Processing by TeamsController#index as HTML
  Rendering teams/index.html.erb within layouts/application
  [1m[36mTeam Load (0.4ms)[0m  [1m[34mSELECT "teams".* FROM "teams"[0m
  ↳ app/views/teams/index.html.erb:5
  Rendered teams/index.html.erb within layouts/application (1.9ms)
Completed 200 OK in 38ms (Views: 34.8ms | ActiveRecord: 0.4ms)


Started GET "/teams" for ::1 at 2020-01-16 17:56:50 +0100
Processing by TeamsController#index as HTML
  Rendering teams/index.html.erb within layouts/application
  [1m[36mTeam Load (0.3ms)[0m  [1m[34mSELECT "teams".* FROM "teams"[0m
  ↳ app/views/teams/index.html.erb:5
  Rendered teams/index.html.erb within layouts/application (1.2ms)
Completed 200 OK in 24ms (Views: 21.7ms | ActiveRecord: 0.3ms)


Started GET "/teams" for ::1 at 2020-01-16 17:57:01 +0100
Processing by TeamsController#index as HTML
  Rendering teams/index.html.erb within layouts/application
  [1m[36mTeam Load (0.3ms)[0m  [1m[34mSELECT "teams".* FROM "teams"[0m
  ↳ app/views/teams/index.html.erb:5
  Rendered teams/index.html.erb within layouts/application (1.4ms)
Completed 200 OK in 25ms (Views: 21.9ms | ActiveRecord: 0.3ms)


Started GET "/teams/new" for ::1 at 2020-01-16 17:57:09 +0100
Processing by TeamsController#new as HTML
  Rendering teams/new.html.erb within layouts/application
  Rendered teams/new.html.erb within layouts/application (1.5ms)
Completed 200 OK in 48ms (Views: 44.0ms | ActiveRecord: 0.0ms)


Started POST "/teams" for ::1 at 2020-01-16 17:57:43 +0100
Processing by TeamsController#create as HTML
  Parameters: {"utf8"=>"✓", "authenticity_token"=>"31c2eXaeeofpA3tB4BjjFJbNHHoXpkpbhdJHPbfOEdPUNIQadY9k5GkjM7bAUcSwsNynqDTeAQjRnJ+tRZZaYw==", "team"=>{"name"=>"Lille OSC", "acronym"=>"LOSC", "city"=>"Lille", "light_color"=>"#D9021D"}, "commit"=>"Create team"}
  [1m[35m (0.2ms)[0m  [1m[35mBEGIN[0m
  ↳ app/controllers/teams_controller.rb:11
  [1m[36mTeam Create (42.1ms)[0m  [1m[32mINSERT INTO "teams" ("name", "acronym", "city", "light_color", "created_at", "updated_at") VALUES ($1, $2, $3, $4, $5, $6) RETURNING "id"[0m  [["name", "Lille OSC"], ["acronym", "LOSC"], ["city", "Lille"], ["light_color", "#D9021D"], ["created_at", "2020-01-16 16:57:43.827843"], ["updated_at", "2020-01-16 16:57:43.827843"]]
  ↳ app/controllers/teams_controller.rb:11
  [1m[35m (2.2ms)[0m  [1m[35mCOMMIT[0m
  ↳ app/controllers/teams_controller.rb:11
Redirected to http://localhost:3000/teams
Completed 302 Found in 49ms (ActiveRecord: 44.5ms)


Started GET "/teams" for ::1 at 2020-01-16 17:57:43 +0100
Processing by TeamsController#index as HTML
  Rendering teams/index.html.erb within layouts/application
  [1m[36mTeam Load (0.3ms)[0m  [1m[34mSELECT "teams".* FROM "teams"[0m
  ↳ app/views/teams/index.html.erb:5
  Rendered teams/index.html.erb within layouts/application (1.4ms)
Completed 200 OK in 23ms (Views: 21.1ms | ActiveRecord: 0.3ms)


Started GET "/teams" for ::1 at 2020-01-16 17:57:57 +0100
Processing by TeamsController#index as HTML
  Rendering teams/index.html.erb within layouts/application
  [1m[36mTeam Load (0.3ms)[0m  [1m[34mSELECT "teams".* FROM "teams"[0m
  ↳ app/views/teams/index.html.erb:5
  Rendered teams/index.html.erb within layouts/application (1.3ms)
Completed 200 OK in 18ms (Views: 14.8ms | ActiveRecord: 0.3ms)


Started GET "/teams" for ::1 at 2020-01-16 17:58:18 +0100
Processing by TeamsController#index as HTML
  Rendering teams/index.html.erb within layouts/application
  [1m[36mTeam Load (0.4ms)[0m  [1m[34mSELECT "teams".* FROM "teams"[0m
  ↳ app/views/teams/index.html.erb:5
  Rendered teams/index.html.erb within layouts/application (1.7ms)
Completed 200 OK in 28ms (Views: 26.6ms | ActiveRecord: 0.4ms)


Started GET "/teams" for ::1 at 2020-01-16 17:58:23 +0100
Processing by TeamsController#index as HTML
  Rendering teams/index.html.erb within layouts/application
  [1m[36mTeam Load (0.3ms)[0m  [1m[34mSELECT "teams".* FROM "teams"[0m
  ↳ app/views/teams/index.html.erb:5
  Rendered teams/index.html.erb within layouts/application (1.3ms)
Completed 200 OK in 16ms (Views: 13.9ms | ActiveRecord: 0.3ms)


Started GET "/teams" for ::1 at 2020-01-16 17:58:50 +0100
Processing by TeamsController#index as HTML
  Rendering teams/index.html.erb within layouts/application
  [1m[36mTeam Load (0.4ms)[0m  [1m[34mSELECT "teams".* FROM "teams"[0m
  ↳ app/views/teams/index.html.erb:5
  Rendered teams/index.html.erb within layouts/application (1.6ms)
Completed 200 OK in 24ms (Views: 22.4ms | ActiveRecord: 0.4ms)


